[2026-03-13 12:21:05,928: INFO: main:Welcome to our custom log]
[2026-03-13 17:36:56,289: INFO: common:yaml file: config/config.yaml loaded successfully]
[2026-03-13 17:36:56,312: INFO: common:yaml file: params.yaml loaded successfully]
[2026-03-13 17:36:56,322: INFO: common:created directory at: artifacts]
[2026-03-13 17:36:56,328: INFO: common:created directory at: artifacts/data_ingestion]
[2026-03-13 17:39:43,542: INFO: common:yaml file: config/config.yaml loaded successfully]
[2026-03-13 17:39:43,555: INFO: common:yaml file: params.yaml loaded successfully]
[2026-03-13 17:39:43,559: INFO: common:created directory at: artifacts]
[2026-03-13 17:39:43,561: INFO: common:created directory at: artifacts/data_ingestion]
[2026-03-13 17:46:12,948: INFO: common:yaml file: config/config.yaml loaded successfully]
[2026-03-13 17:46:12,952: INFO: common:yaml file: params.yaml loaded successfully]
[2026-03-13 17:46:12,954: INFO: common:created directory at: artifacts]
[2026-03-13 17:46:12,957: INFO: common:created directory at: artifacts/data_ingestion]
[2026-03-13 17:46:12,961: INFO: 3341818334:Downloading data from https://drive.google.com/file/d/1vlhZ5c7abUKF8xXERIw6m9Te8fW7ohw3/view?usp=sharing into file artifacts/data_ingestion/data.zip]
[2026-03-13 17:46:46,004: INFO: 3341818334:Downloaded data from https://drive.google.com/file/d/1vlhZ5c7abUKF8xXERIw6m9Te8fW7ohw3/view?usp=sharing into file artifacts/data_ingestion/data.zip]
[2026-03-14 10:04:30,263: INFO: common:yaml file: config/config.yaml loaded successfully]
[2026-03-14 10:04:30,285: INFO: common:yaml file: params.yaml loaded successfully]
[2026-03-14 10:04:30,293: INFO: common:created directory at: artifacts]
[2026-03-14 10:04:30,300: INFO: common:created directory at: artifacts/prepare_base_model]
[2026-03-14 10:08:38,884: WARNING: saving_utils:Compiled the loaded model, but the compiled metrics have yet to be built. `model.compile_metrics` will be empty until you train or evaluate the model.]
[2026-03-14 10:21:29,617: INFO: common:yaml file: config/config.yaml loaded successfully]
[2026-03-14 10:21:29,627: INFO: common:yaml file: params.yaml loaded successfully]
[2026-03-14 10:21:29,632: INFO: common:created directory at: artifacts]
[2026-03-14 10:21:29,637: INFO: common:created directory at: artifacts/prepare_base_model]
[2026-03-14 10:21:30,403: WARNING: saving_utils:Compiled the loaded model, but the compiled metrics have yet to be built. `model.compile_metrics` will be empty until you train or evaluate the model.]
[2026-03-14 10:23:02,641: INFO: common:yaml file: config/config.yaml loaded successfully]
[2026-03-14 10:23:02,656: INFO: common:yaml file: params.yaml loaded successfully]
[2026-03-14 10:23:02,665: INFO: common:created directory at: artifacts]
[2026-03-14 10:23:02,669: INFO: common:created directory at: artifacts/prepare_base_model]
[2026-03-14 10:23:03,140: WARNING: saving_utils:Compiled the loaded model, but the compiled metrics have yet to be built. `model.compile_metrics` will be empty until you train or evaluate the model.]
[2026-03-14 10:27:54,111: INFO: common:yaml file: config/config.yaml loaded successfully]
[2026-03-14 10:27:54,119: INFO: common:yaml file: params.yaml loaded successfully]
[2026-03-14 10:27:54,125: INFO: common:created directory at: artifacts]
[2026-03-14 10:27:54,129: INFO: common:created directory at: artifacts/prepare_base_model]
[2026-03-14 10:27:54,663: WARNING: saving_utils:Compiled the loaded model, but the compiled metrics have yet to be built. `model.compile_metrics` will be empty until you train or evaluate the model.]
[2026-03-14 10:53:27,474: INFO: main:>>>>>> stage Data Ingestion stage started <<<<<< ]
[2026-03-14 10:53:27,475: INFO: common:yaml file: config/config.yaml loaded successfully]
[2026-03-14 10:53:27,477: INFO: common:yaml file: params.yaml loaded successfully]
[2026-03-14 10:53:27,477: INFO: common:created directory at: artifacts]
[2026-03-14 10:53:27,478: INFO: common:created directory at: artifacts/data_ingestion]
[2026-03-14 10:53:27,478: INFO: data_ingestion:Downloading data from https://drive.google.com/file/d/1vlhZ5c7abUKF8xXERIw6m9Te8fW7ohw3/view?usp=sharing into file artifacts/data_ingestion/data.zip]
[2026-03-14 10:53:52,735: INFO: data_ingestion:Downloaded data from https://drive.google.com/file/d/1vlhZ5c7abUKF8xXERIw6m9Te8fW7ohw3/view?usp=sharing into file artifacts/data_ingestion/data.zip]
[2026-03-14 10:53:53,299: INFO: main:>>>>>> stage Data Ingestion stage completed <<<<<< 

x ========== x]
[2026-03-14 10:53:53,299: INFO: main:*******************]
[2026-03-14 10:53:53,299: INFO: main:>>>>>> stage Prepare base model stage started <<<<<< ]
[2026-03-14 10:53:53,300: INFO: common:yaml file: config/config.yaml loaded successfully]
[2026-03-14 10:53:53,301: INFO: common:yaml file: params.yaml loaded successfully]
[2026-03-14 10:53:53,301: INFO: common:created directory at: artifacts]
[2026-03-14 10:53:53,302: INFO: common:created directory at: artifacts/prepare_base_model]
[2026-03-14 10:53:53,876: WARNING: saving_utils:Compiled the loaded model, but the compiled metrics have yet to be built. `model.compile_metrics` will be empty until you train or evaluate the model.]
[2026-03-14 10:53:54,109: INFO: main:>>>>>> stage Prepare base model stage completed <<<<<< 

x ========== x]
